<?xml version="1.0" encoding="UTF-8"?>
<!-- Generated by org.testng.reporters.JUnitReportReporter -->
<testsuite hostname="POOLW42SLPC7856" failures="0" tests="2" name="Testcases.Api_Get" time="2.205" errors="0" timestamp="2022-12-09T17:30:47 IST" skipped="0">
  <testcase classname="Testcases.Api_Get" name="getBanner" time="1.488"/>
  <system-out/>
  <testcase classname="Testcases.Api_Get" name="profileDetails" time="0.717"/>
  <system-out/>
</testsuite> <!-- Testcases.Api_Get -->
