<?xml version="1.0" encoding="UTF-8"?>
<!-- Generated by org.testng.reporters.JUnitReportReporter -->
<testsuite hostname="POOLW42SLPC7856" failures="0" tests="1" name="Testcases.Api_Post" time="2.630" errors="0" timestamp="2022-12-09T17:08:03 IST" skipped="0">
  <testcase classname="Testcases.Api_Post" name="loginuser" time="2.630"/>
  <system-out/>
</testsuite> <!-- Testcases.Api_Post -->
